<?xml version="1.0" encoding="UTF-8"?>
<!-- Generated by org.testng.reporters.JUnitXMLReporter -->
<testsuite hostname="DESKTOP-DG9TNPG" failures="0" tests="4" name="TestOne" time="100.855" errors="0" timestamp="15 Jul 2021 00:29:53 GMT">
  <testcase classname="PackageOne.ClassOne" name="methodOne" time="30.536"/>
  <testcase classname="PackageOne.ClassTwo" name="methodTwo" time="52.232"/>
  <testcase classname="PackageOne.ClassThree" name="methodThree" time="11.749"/>
  <testcase classname="PackageOne.ClassFour" name="methodFour" time="6.266"/>
</testsuite> <!-- TestOne -->
