<?xml version="1.0" encoding="UTF-8"?>
<testng-results total="4" passed="4" failed="0" skipped="0">
  <reporter-output>
  </reporter-output>
  <suite started-at="2021-07-15T00:28:11Z" name="Suite" finished-at="2021-07-15T00:29:52Z" duration-ms="100855">
    <groups>
    </groups>
    <test started-at="2021-07-15T00:28:11Z" name="TestOne" finished-at="2021-07-15T00:29:52Z" duration-ms="100855">
      <class name="PackageOne.ClassFour">
        <test-method signature="methodFour()[pri:0, instance:PackageOne.ClassFour@49438269]" started-at="2021-07-15T05:59:46Z" name="methodFour" finished-at="2021-07-15T05:59:52Z" duration-ms="6266" status="PASS">
          <reporter-output>
          </reporter-output>
        </test-method> <!-- methodFour -->
      </class> <!-- PackageOne.ClassFour -->
      <class name="PackageOne.ClassOne">
        <test-method signature="methodOne()[pri:0, instance:PackageOne.ClassOne@26794848]" started-at="2021-07-15T05:58:12Z" name="methodOne" finished-at="2021-07-15T05:58:42Z" duration-ms="30536" status="PASS">
          <reporter-output>
          </reporter-output>
        </test-method> <!-- methodOne -->
      </class> <!-- PackageOne.ClassOne -->
      <class name="PackageOne.ClassTwo">
        <test-method signature="methodTwo()[pri:0, instance:PackageOne.ClassTwo@2cd76f31]" started-at="2021-07-15T05:58:42Z" name="methodTwo" finished-at="2021-07-15T05:59:34Z" duration-ms="52232" status="PASS">
          <reporter-output>
          </reporter-output>
        </test-method> <!-- methodTwo -->
      </class> <!-- PackageOne.ClassTwo -->
      <class name="PackageOne.ClassThree">
        <test-method signature="methodThree()[pri:0, instance:PackageOne.ClassThree@367ffa75]" started-at="2021-07-15T05:59:34Z" name="methodThree" finished-at="2021-07-15T05:59:46Z" duration-ms="11749" status="PASS">
          <reporter-output>
          </reporter-output>
        </test-method> <!-- methodThree -->
      </class> <!-- PackageOne.ClassThree -->
    </test> <!-- TestOne -->
  </suite> <!-- Suite -->
</testng-results>
